<?xml version="1.0" encoding="UTF-8"?>
<testsuite xmlns:xsi="http://www.w3.org/2001/XMLSchema-instance" xsi:noNamespaceSchemaLocation="https://maven.apache.org/surefire/maven-surefire-plugin/xsd/surefire-test-report-3.0.xsd" version="3.0" name="com.musicorganizer.performance.LargeFilePerformanceTest" time="0.001" tests="4" errors="0" skipped="4" failures="0">
  <properties/>
  <testcase name="" classname="com.musicorganizer.performance.LargeFilePerformanceTest$ChecksumPerformanceTests" time="0.0">
    <skipped message="System property [runLargeFileTests] does not exist"/>
  </testcase>
  <testcase name="" classname="com.musicorganizer.performance.LargeFilePerformanceTest$MemoryStressTests" time="0.0">
    <skipped message="System property [runLargeFileTests] does not exist"/>
  </testcase>
  <testcase name="" classname="com.musicorganizer.performance.LargeFilePerformanceTest$MultipleLargeFilesTests" time="0.0">
    <skipped message="System property [runLargeFileTests] does not exist"/>
  </testcase>
  <testcase name="" classname="com.musicorganizer.performance.LargeFilePerformanceTest$SingleLargeFileTests" time="0.0">
    <skipped message="System property [runLargeFileTests] does not exist"/>
  </testcase>
</testsuite>