<?xml version="1.0" encoding="UTF-8"?>
<testsuite xmlns:xsi="http://www.w3.org/2001/XMLSchema-instance" xsi:noNamespaceSchemaLocation="https://maven.apache.org/surefire/maven-surefire-plugin/xsd/surefire-test-report-3.0.xsd" version="3.0" name="com.musicorganizer.organizer.SimpleNIOFileOrganizerTest$ConfigurationTests" time="0.006" tests="16" errors="0" skipped="0" failures="0">
  <properties>
    <property name="java.specification.version" value="24"/>
    <property name="sun.cpu.isalist" value="amd64"/>
    <property name="sun.jnu.encoding" value="Cp1252"/>
    <property name="java.class.path" value="C:\Users\caio\Desktop\New folder\music_organizer_java\target\test-classes;C:\Users\caio\Desktop\New folder\music_organizer_java\target\classes;C:\Users\caio\.m2\repository\net\jthink\jaudiotagger\3.0.1\jaudiotagger-3.0.1.jar;C:\Users\caio\.m2\repository\info\picocli\picocli\4.7.5\picocli-4.7.5.jar;C:\Users\caio\.m2\repository\org\junit\jupiter\junit-jupiter\5.10.1\junit-jupiter-5.10.1.jar;C:\Users\caio\.m2\repository\org\junit\jupiter\junit-jupiter-api\5.10.1\junit-jupiter-api-5.10.1.jar;C:\Users\caio\.m2\repository\org\opentest4j\opentest4j\1.3.0\opentest4j-1.3.0.jar;C:\Users\caio\.m2\repository\org\junit\platform\junit-platform-commons\1.10.1\junit-platform-commons-1.10.1.jar;C:\Users\caio\.m2\repository\org\apiguardian\apiguardian-api\1.1.2\apiguardian-api-1.1.2.jar;C:\Users\caio\.m2\repository\org\junit\jupiter\junit-jupiter-params\5.10.1\junit-jupiter-params-5.10.1.jar;C:\Users\caio\.m2\repository\org\junit\jupiter\junit-jupiter-engine\5.10.1\junit-jupiter-engine-5.10.1.jar;C:\Users\caio\.m2\repository\org\junit\platform\junit-platform-engine\1.10.1\junit-platform-engine-1.10.1.jar;C:\Users\caio\.m2\repository\org\mockito\mockito-core\5.7.0\mockito-core-5.7.0.jar;C:\Users\caio\.m2\repository\net\bytebuddy\byte-buddy\1.14.9\byte-buddy-1.14.9.jar;C:\Users\caio\.m2\repository\net\bytebuddy\byte-buddy-agent\1.14.9\byte-buddy-agent-1.14.9.jar;C:\Users\caio\.m2\repository\org\objenesis\objenesis\3.3\objenesis-3.3.jar;C:\Users\caio\.m2\repository\org\mockito\mockito-junit-jupiter\5.7.0\mockito-junit-jupiter-5.7.0.jar;C:\Users\caio\.m2\repository\com\google\jimfs\jimfs\1.3.0\jimfs-1.3.0.jar;C:\Users\caio\.m2\repository\com\google\guava\guava\32.1.1-jre\guava-32.1.1-jre.jar;C:\Users\caio\.m2\repository\com\google\guava\failureaccess\1.0.1\failureaccess-1.0.1.jar;C:\Users\caio\.m2\repository\com\google\guava\listenablefuture\9999.0-empty-to-avoid-conflict-with-guava\listenablefuture-9999.0-empty-to-avoid-conflict-with-guava.jar;C:\Users\caio\.m2\repository\com\google\code\findbugs\jsr305\3.0.2\jsr305-3.0.2.jar;C:\Users\caio\.m2\repository\org\checkerframework\checker-qual\3.33.0\checker-qual-3.33.0.jar;C:\Users\caio\.m2\repository\com\google\errorprone\error_prone_annotations\2.18.0\error_prone_annotations-2.18.0.jar;C:\Users\caio\.m2\repository\com\google\j2objc\j2objc-annotations\2.8\j2objc-annotations-2.8.jar;C:\Users\caio\.m2\repository\org\awaitility\awaitility\4.2.0\awaitility-4.2.0.jar;C:\Users\caio\.m2\repository\org\hamcrest\hamcrest\2.1\hamcrest-2.1.jar;"/>
    <property name="java.vm.vendor" value="Oracle Corporation"/>
    <property name="net.bytebuddy.experimental" value="true"/>
    <property name="sun.arch.data.model" value="64"/>
    <property name="user.variant" value=""/>
    <property name="java.vendor.url" value="https://java.oracle.com/"/>
    <property name="user.timezone" value="Europe/London"/>
    <property name="user.country.format" value="001"/>
    <property name="os.name" value="Windows 11"/>
    <property name="java.vm.specification.version" value="24"/>
    <property name="sun.java.launcher" value="SUN_STANDARD"/>
    <property name="user.country" value="GB"/>
    <property name="sun.boot.library.path" value="C:\Program Files\Java\jdk-24\bin"/>
    <property name="sun.java.command" value="C:\Users\caio\AppData\Local\Temp\surefire185540421683976044\surefirebooter-20250810113831333_7.jar C:\Users\caio\AppData\Local\Temp\surefire185540421683976044 2025-08-10T11-38-31_084-jvmRun1 surefire-20250810113831333_5tmp surefire_1-20250810113831333_6tmp"/>
    <property name="jdk.debug" value="release"/>
    <property name="test" value="NIOFileOrganizerTest,SimpleNIOFileOrganizerTest,CollectionValidatorTest,ParallelMusicScannerTest,BatchMetadataProcessorTest,MusicBrainzServiceTest"/>
    <property name="surefire.test.class.path" value="C:\Users\caio\Desktop\New folder\music_organizer_java\target\test-classes;C:\Users\caio\Desktop\New folder\music_organizer_java\target\classes;C:\Users\caio\.m2\repository\net\jthink\jaudiotagger\3.0.1\jaudiotagger-3.0.1.jar;C:\Users\caio\.m2\repository\info\picocli\picocli\4.7.5\picocli-4.7.5.jar;C:\Users\caio\.m2\repository\org\junit\jupiter\junit-jupiter\5.10.1\junit-jupiter-5.10.1.jar;C:\Users\caio\.m2\repository\org\junit\jupiter\junit-jupiter-api\5.10.1\junit-jupiter-api-5.10.1.jar;C:\Users\caio\.m2\repository\org\opentest4j\opentest4j\1.3.0\opentest4j-1.3.0.jar;C:\Users\caio\.m2\repository\org\junit\platform\junit-platform-commons\1.10.1\junit-platform-commons-1.10.1.jar;C:\Users\caio\.m2\repository\org\apiguardian\apiguardian-api\1.1.2\apiguardian-api-1.1.2.jar;C:\Users\caio\.m2\repository\org\junit\jupiter\junit-jupiter-params\5.10.1\junit-jupiter-params-5.10.1.jar;C:\Users\caio\.m2\repository\org\junit\jupiter\junit-jupiter-engine\5.10.1\junit-jupiter-engine-5.10.1.jar;C:\Users\caio\.m2\repository\org\junit\platform\junit-platform-engine\1.10.1\junit-platform-engine-1.10.1.jar;C:\Users\caio\.m2\repository\org\mockito\mockito-core\5.7.0\mockito-core-5.7.0.jar;C:\Users\caio\.m2\repository\net\bytebuddy\byte-buddy\1.14.9\byte-buddy-1.14.9.jar;C:\Users\caio\.m2\repository\net\bytebuddy\byte-buddy-agent\1.14.9\byte-buddy-agent-1.14.9.jar;C:\Users\caio\.m2\repository\org\objenesis\objenesis\3.3\objenesis-3.3.jar;C:\Users\caio\.m2\repository\org\mockito\mockito-junit-jupiter\5.7.0\mockito-junit-jupiter-5.7.0.jar;C:\Users\caio\.m2\repository\com\google\jimfs\jimfs\1.3.0\jimfs-1.3.0.jar;C:\Users\caio\.m2\repository\com\google\guava\guava\32.1.1-jre\guava-32.1.1-jre.jar;C:\Users\caio\.m2\repository\com\google\guava\failureaccess\1.0.1\failureaccess-1.0.1.jar;C:\Users\caio\.m2\repository\com\google\guava\listenablefuture\9999.0-empty-to-avoid-conflict-with-guava\listenablefuture-9999.0-empty-to-avoid-conflict-with-guava.jar;C:\Users\caio\.m2\repository\com\google\code\findbugs\jsr305\3.0.2\jsr305-3.0.2.jar;C:\Users\caio\.m2\repository\org\checkerframework\checker-qual\3.33.0\checker-qual-3.33.0.jar;C:\Users\caio\.m2\repository\com\google\errorprone\error_prone_annotations\2.18.0\error_prone_annotations-2.18.0.jar;C:\Users\caio\.m2\repository\com\google\j2objc\j2objc-annotations\2.8\j2objc-annotations-2.8.jar;C:\Users\caio\.m2\repository\org\awaitility\awaitility\4.2.0\awaitility-4.2.0.jar;C:\Users\caio\.m2\repository\org\hamcrest\hamcrest\2.1\hamcrest-2.1.jar;"/>
    <property name="sun.cpu.endian" value="little"/>
    <property name="user.home" value="C:\Users\caio"/>
    <property name="user.language" value="en"/>
    <property name="java.specification.vendor" value="Oracle Corporation"/>
    <property name="java.version.date" value="2025-07-15"/>
    <property name="java.home" value="C:\Program Files\Java\jdk-24"/>
    <property name="file.separator" value="\"/>
    <property name="basedir" value="C:\Users\caio\Desktop\New folder\music_organizer_java"/>
    <property name="line.separator" value="&#10;"/>
    <property name="java.vm.specification.vendor" value="Oracle Corporation"/>
    <property name="java.specification.name" value="Java Platform API Specification"/>
    <property name="surefire.real.class.path" value="C:\Users\caio\AppData\Local\Temp\surefire185540421683976044\surefirebooter-20250810113831333_7.jar"/>
    <property name="user.script" value=""/>
    <property name="java.protocol.handler.pkgs" value="com.google.common"/>
    <property name="sun.management.compiler" value="HotSpot 64-Bit Tiered Compilers"/>
    <property name="java.runtime.version" value="24.0.2+12-54"/>
    <property name="user.name" value="caio"/>
    <property name="stdout.encoding" value="Cp1252"/>
    <property name="path.separator" value=";"/>
    <property name="os.version" value="10.0"/>
    <property name="java.runtime.name" value="Java(TM) SE Runtime Environment"/>
    <property name="file.encoding" value="UTF-8"/>
    <property name="java.vm.name" value="Java HotSpot(TM) 64-Bit Server VM"/>
    <property name="jdk.virtualThreadScheduler.maxPoolSize" value="5000"/>
    <property name="localRepository" value="C:\Users\caio\.m2\repository"/>
    <property name="java.vendor.url.bug" value="https://bugreport.java.com/bugreport/"/>
    <property name="java.io.tmpdir" value="C:\Users\caio\AppData\Local\Temp\"/>
    <property name="java.version" value="24.0.2"/>
    <property name="user.dir" value="C:\Users\caio\Desktop\New folder\music_organizer_java"/>
    <property name="os.arch" value="amd64"/>
    <property name="java.vm.specification.name" value="Java Virtual Machine Specification"/>
    <property name="sun.os.patch.level" value=""/>
    <property name="native.encoding" value="Cp1252"/>
    <property name="java.library.path" value="C:\Program Files\Java\jdk-24\bin;C:\WINDOWS\Sun\Java\bin;C:\WINDOWS\system32;C:\WINDOWS;C:\Users\caio\bin;C:\Program Files\Git\mingw64\bin;C:\Program Files\Git\usr\local\bin;C:\Program Files\Git\usr\bin;C:\Program Files\Git\usr\bin;C:\Program Files\Git\mingw64\bin;C:\Program Files\Git\usr\bin;C:\Users\caio\bin;C:\Program Files\PowerShell\7;C:\Program Files\Alacritty;C:\Program Files\Python313\Scripts;C:\Program Files\Python313;C:\Program Files\Common Files\Oracle\Java\javapath;C:\WINDOWS\system32;C:\WINDOWS;C:\WINDOWS\System32\Wbem;C:\WINDOWS\System32\WindowsPowerShell\v1.0;C:\WINDOWS\System32\OpenSSH;C:\Program Files\PowerShell\7;C:\Program Files\Git\cmd;C:\Program Files\dotnet;C:\Program Files\Calibre2;C:\Program Files\WezTerm;C:\Program Files\cursor\resources\app\bin;C:\ProgramData\chocolatey\bin;C:\ProgramData\chocolatey\lib\maven\apache-maven-3.9.11\bin;C:\Program Files\Docker\Docker\resources\bin;C:\Program Files\nodejs;C:\Program Files\GitHub CLI;C:\Users\caio\AppData\Local\Programs\oh-my-posh\bin;C:\Program Files\Alacritty;C:\Program Files\Python313\Scripts;C:\Program Files\Python313;C:\Program Files\Common Files\Oracle\Java\javapath;C:\WINDOWS\system32;C:\WINDOWS;C:\WINDOWS\System32\Wbem;C:\WINDOWS\System32\WindowsPowerShell\v1.0;C:\WINDOWS\System32\OpenSSH;C:\Program Files\PowerShell\7;C:\Program Files\Git\cmd;C:\Program Files\dotnet;C:\Program Files\Calibre2;C:\Program Files\WezTerm;C:\Program Files\cursor\resources\app\bin;C:\ProgramData\chocolatey\bin;C:\ProgramData\chocolatey\lib\maven\apache-maven-3.9.11\bin;C:\Program Files\Docker\Docker\resources\bin;C:\Program Files\nodejs;C:\Program Files\GitHub CLI;C:\Users\caio\.local\bin;C:\Users\caio\AppData\Local\Programs\Microsoft VS Code\bin;C:\Users\caio\AppData\Roaming\npm;C:\Program Files\Git\usr\bin\vendor_perl;C:\Program Files\Git\usr\bin\core_perl;."/>
    <property name="java.vm.info" value="mixed mode, sharing"/>
    <property name="stderr.encoding" value="Cp1252"/>
    <property name="java.vendor" value="Oracle Corporation"/>
    <property name="java.vm.version" value="24.0.2+12-54"/>
    <property name="sun.io.unicode.encoding" value="UnicodeLittle"/>
    <property name="java.class.version" value="68.0"/>
  </properties>
  <testcase name="shouldOrganizeSingleFileWithCompleteMetadata" classname="com.musicorganizer.organizer.SimpleNIOFileOrganizerTest" time="0.612">
    <system-err><![CDATA[WARNING: A Java agent has been loaded dynamically (C:\Users\caio\.m2\repository\net\bytebuddy\byte-buddy-agent\1.14.9\byte-buddy-agent-1.14.9.jar)
WARNING: If a serviceability tool is in use, please run with -XX:+EnableDynamicAgentLoading to hide this warning
WARNING: If a serviceability tool is not in use, please run with -Djdk.instrument.traceUsage for more information
WARNING: Dynamic loading of agents will be disallowed by default in a future release
]]></system-err>
  </testcase>
  <testcase name="shouldOrganizeFileWithMinimalMetadata" classname="com.musicorganizer.organizer.SimpleNIOFileOrganizerTest" time="0.004"/>
  <testcase name="shouldSanitizeInvalidCharacters" classname="com.musicorganizer.organizer.SimpleNIOFileOrganizerTest" time="0.004"/>
  <testcase name="shouldHandleNullAndEmptyMetadata" classname="com.musicorganizer.organizer.SimpleNIOFileOrganizerTest" time="0.003"/>
  <testcase name="shouldOrganizeMultipleFiles" classname="com.musicorganizer.organizer.SimpleNIOFileOrganizerTest" time="0.006"/>
  <testcase name="shouldOrganizeFileWithoutYear" classname="com.musicorganizer.organizer.SimpleNIOFileOrganizerTest" time="0.003"/>
  <testcase name="shouldPreserveFileExtensions" classname="com.musicorganizer.organizer.SimpleNIOFileOrganizerTest" time="0.005"/>
  <testcase name="shouldHandleAsyncOrganization" classname="com.musicorganizer.organizer.SimpleNIOFileOrganizerTest" time="0.003"/>
  <testcase name="shouldHandleEmptyMetadataMap" classname="com.musicorganizer.organizer.SimpleNIOFileOrganizerTest" time="0.001"/>
  <testcase name="shouldCallProgressTracker" classname="com.musicorganizer.organizer.SimpleNIOFileOrganizerTest" time="0.01"/>
  <testcase name="shouldHandleDisabledDirectoryCreation" classname="com.musicorganizer.organizer.SimpleNIOFileOrganizerTest" time="0.002"/>
  <testcase name="shouldCreateTargetDirectoryOnConstruction" classname="com.musicorganizer.organizer.SimpleNIOFileOrganizerTest" time="0.001"/>
  <testcase name="shouldMeasureProcessingTime" classname="com.musicorganizer.organizer.SimpleNIOFileOrganizerTest" time="0.002"/>
  <testcase name="shouldHandleRollbackOperations" classname="com.musicorganizer.organizer.SimpleNIOFileOrganizerTest" time="0.002"/>
  <testcase name="shouldCreateCustomConfiguration" classname="com.musicorganizer.organizer.SimpleNIOFileOrganizerTest$ConfigurationTests" time="0.002"/>
  <testcase name="shouldCreateDefaultConfiguration" classname="com.musicorganizer.organizer.SimpleNIOFileOrganizerTest$ConfigurationTests" time="0.001"/>
</testsuite>